{"C:\\cygwin64\\home\\Avell\\secex\\importar_arquivos\\dataaccess\\CoordinatesAccess.js": {"path":"C:\\cygwin64\\home\\Avell\\secex\\importar_arquivos\\dataaccess\\CoordinatesAccess.js","all":false,"statementMap":{"0":{"start":{"line":1,"column":0},"end":{"line":1,"column":46}},"1":{"start":{"line":2,"column":0},"end":{"line":2,"column":0}},"2":{"start":{"line":3,"column":0},"end":{"line":3,"column":43}},"3":{"start":{"line":4,"column":0},"end":{"line":4,"column":4}},"4":{"start":{"line":5,"column":0},"end":{"line":5,"column":29}},"5":{"start":{"line":6,"column":0},"end":{"line":6,"column":60}},"6":{"start":{"line":7,"column":0},"end":{"line":7,"column":5}},"7":{"start":{"line":8,"column":0},"end":{"line":8,"column":0}},"8":{"start":{"line":9,"column":0},"end":{"line":9,"column":34}},"9":{"start":{"line":10,"column":0},"end":{"line":10,"column":0}},"10":{"start":{"line":11,"column":0},"end":{"line":11,"column":5}},"11":{"start":{"line":12,"column":0},"end":{"line":12,"column":0}},"12":{"start":{"line":13,"column":0},"end":{"line":13,"column":40}},"13":{"start":{"line":14,"column":0},"end":{"line":14,"column":28}},"14":{"start":{"line":15,"column":0},"end":{"line":15,"column":16}},"15":{"start":{"line":16,"column":0},"end":{"line":16,"column":16}},"16":{"start":{"line":17,"column":0},"end":{"line":17,"column":20}},"17":{"start":{"line":18,"column":0},"end":{"line":18,"column":30}},"18":{"start":{"line":19,"column":0},"end":{"line":19,"column":10}},"19":{"start":{"line":20,"column":0},"end":{"line":20,"column":8}},"20":{"start":{"line":21,"column":0},"end":{"line":21,"column":67}},"21":{"start":{"line":22,"column":0},"end":{"line":22,"column":36}},"22":{"start":{"line":23,"column":0},"end":{"line":23,"column":92}},"23":{"start":{"line":24,"column":0},"end":{"line":24,"column":26}},"24":{"start":{"line":25,"column":0},"end":{"line":25,"column":5}},"25":{"start":{"line":26,"column":0},"end":{"line":26,"column":0}},"26":{"start":{"line":27,"column":0},"end":{"line":27,"column":36}},"27":{"start":{"line":28,"column":0},"end":{"line":28,"column":43}},"28":{"start":{"line":29,"column":0},"end":{"line":29,"column":37}},"29":{"start":{"line":30,"column":0},"end":{"line":30,"column":37}},"30":{"start":{"line":31,"column":0},"end":{"line":31,"column":143}},"31":{"start":{"line":32,"column":0},"end":{"line":32,"column":15}},"32":{"start":{"line":33,"column":0},"end":{"line":33,"column":5}},"33":{"start":{"line":34,"column":0},"end":{"line":34,"column":0}},"34":{"start":{"line":35,"column":0},"end":{"line":35,"column":42}},"35":{"start":{"line":36,"column":0},"end":{"line":36,"column":97}},"36":{"start":{"line":37,"column":0},"end":{"line":37,"column":5}},"37":{"start":{"line":38,"column":0},"end":{"line":38,"column":0}},"38":{"start":{"line":39,"column":0},"end":{"line":39,"column":68}},"39":{"start":{"line":40,"column":0},"end":{"line":40,"column":1}},"40":{"start":{"line":41,"column":0},"end":{"line":41,"column":0}},"41":{"start":{"line":42,"column":0},"end":{"line":42,"column":35}}},"s":{"0":1,"1":1,"2":1,"3":1,"4":1,"5":0,"6":0,"7":4,"8":4,"9":0,"10":0,"11":4,"12":4,"13":1,"14":1,"15":1,"16":1,"17":1,"18":1,"19":1,"20":1,"21":1,"22":1,"23":1,"24":1,"25":4,"26":4,"27":1,"28":1,"29":1,"30":1,"31":1,"32":1,"33":4,"34":4,"35":0,"36":0,"37":1,"38":1,"39":1,"40":1,"41":1},"branchMap":{"0":{"type":"branch","line":5,"loc":{"start":{"line":5,"column":4},"end":{"line":37,"column":5}},"locations":[{"start":{"line":5,"column":4},"end":{"line":37,"column":5}}]}},"b":{"0":[4]},"fnMap":{"0":{"name":"<instance_members_initializer>","decl":{"start":{"line":5,"column":4},"end":{"line":37,"column":5}},"loc":{"start":{"line":5,"column":4},"end":{"line":37,"column":5}},"line":5},"1":{"name":"read","decl":{"start":{"line":5,"column":11},"end":{"line":7,"column":5}},"loc":{"start":{"line":5,"column":11},"end":{"line":7,"column":5}},"line":5},"2":{"name":"update","decl":{"start":{"line":9,"column":13},"end":{"line":11,"column":5}},"loc":{"start":{"line":9,"column":13},"end":{"line":11,"column":5}},"line":9},"3":{"name":"validateAttributes","decl":{"start":{"line":13,"column":26},"end":{"line":25,"column":5}},"loc":{"start":{"line":13,"column":26},"end":{"line":25,"column":5}},"line":13},"4":{"name":"validateValues","decl":{"start":{"line":27,"column":22},"end":{"line":33,"column":5}},"loc":{"start":{"line":27,"column":22},"end":{"line":33,"column":5}},"line":27},"5":{"name":"validateSteps","decl":{"start":{"line":35,"column":20},"end":{"line":37,"column":5}},"loc":{"start":{"line":35,"column":20},"end":{"line":37,"column":5}},"line":35}},"f":{"0":4,"1":0,"2":0,"3":1,"4":1,"5":0}}
,"C:\\cygwin64\\home\\Avell\\secex\\importar_arquivos\\dataaccess\\base\\Base.js": {"path":"C:\\cygwin64\\home\\Avell\\secex\\importar_arquivos\\dataaccess\\base\\Base.js","all":false,"statementMap":{"0":{"start":{"line":1,"column":0},"end":{"line":1,"column":77}},"1":{"start":{"line":2,"column":0},"end":{"line":2,"column":0}},"2":{"start":{"line":3,"column":0},"end":{"line":3,"column":12}},"3":{"start":{"line":4,"column":0},"end":{"line":4,"column":18}},"4":{"start":{"line":5,"column":0},"end":{"line":5,"column":74}},"5":{"start":{"line":6,"column":0},"end":{"line":6,"column":5}},"6":{"start":{"line":7,"column":0},"end":{"line":7,"column":0}},"7":{"start":{"line":8,"column":0},"end":{"line":8,"column":20}},"8":{"start":{"line":9,"column":0},"end":{"line":9,"column":76}},"9":{"start":{"line":10,"column":0},"end":{"line":10,"column":5}},"10":{"start":{"line":11,"column":0},"end":{"line":11,"column":1}},"11":{"start":{"line":12,"column":0},"end":{"line":12,"column":0}},"12":{"start":{"line":13,"column":0},"end":{"line":13,"column":22}}},"s":{"0":1,"1":1,"2":1,"3":1,"4":0,"5":0,"6":4,"7":4,"8":0,"9":0,"10":1,"11":1,"12":1},"branchMap":{"0":{"type":"branch","line":4,"loc":{"start":{"line":4,"column":4},"end":{"line":10,"column":5}},"locations":[{"start":{"line":4,"column":4},"end":{"line":10,"column":5}}]}},"b":{"0":[4]},"fnMap":{"0":{"name":"<instance_members_initializer>","decl":{"start":{"line":4,"column":4},"end":{"line":10,"column":5}},"loc":{"start":{"line":4,"column":4},"end":{"line":10,"column":5}},"line":4},"1":{"name":"read","decl":{"start":{"line":4,"column":11},"end":{"line":6,"column":5}},"loc":{"start":{"line":4,"column":11},"end":{"line":6,"column":5}},"line":4},"2":{"name":"update","decl":{"start":{"line":8,"column":13},"end":{"line":10,"column":5}},"loc":{"start":{"line":8,"column":13},"end":{"line":10,"column":5}},"line":8}},"f":{"0":4,"1":0,"2":0}}
,"C:\\cygwin64\\home\\Avell\\secex\\importar_arquivos\\dataaccess\\base\\BaseClass.js": {"path":"C:\\cygwin64\\home\\Avell\\secex\\importar_arquivos\\dataaccess\\base\\BaseClass.js","all":false,"statementMap":{"0":{"start":{"line":1,"column":0},"end":{"line":1,"column":31}},"1":{"start":{"line":2,"column":0},"end":{"line":2,"column":29}},"2":{"start":{"line":3,"column":0},"end":{"line":3,"column":44}},"3":{"start":{"line":4,"column":0},"end":{"line":4,"column":65}},"4":{"start":{"line":5,"column":0},"end":{"line":5,"column":0}},"5":{"start":{"line":6,"column":0},"end":{"line":6,"column":38}},"6":{"start":{"line":7,"column":0},"end":{"line":7,"column":26}},"7":{"start":{"line":8,"column":0},"end":{"line":8,"column":24}},"8":{"start":{"line":9,"column":0},"end":{"line":9,"column":25}},"9":{"start":{"line":10,"column":0},"end":{"line":10,"column":0}},"10":{"start":{"line":11,"column":0},"end":{"line":11,"column":13}},"11":{"start":{"line":12,"column":0},"end":{"line":12,"column":88}},"12":{"start":{"line":13,"column":0},"end":{"line":13,"column":72}},"13":{"start":{"line":14,"column":0},"end":{"line":14,"column":25}},"14":{"start":{"line":15,"column":0},"end":{"line":15,"column":58}},"15":{"start":{"line":16,"column":0},"end":{"line":16,"column":9}},"16":{"start":{"line":17,"column":0},"end":{"line":17,"column":8}},"17":{"start":{"line":18,"column":0},"end":{"line":18,"column":25}},"18":{"start":{"line":19,"column":0},"end":{"line":19,"column":37}},"19":{"start":{"line":20,"column":0},"end":{"line":20,"column":25}},"20":{"start":{"line":21,"column":0},"end":{"line":21,"column":48}},"21":{"start":{"line":22,"column":0},"end":{"line":22,"column":9}},"22":{"start":{"line":23,"column":0},"end":{"line":23,"column":0}},"23":{"start":{"line":24,"column":0},"end":{"line":24,"column":21}},"24":{"start":{"line":25,"column":0},"end":{"line":25,"column":5}},"25":{"start":{"line":26,"column":0},"end":{"line":26,"column":0}},"26":{"start":{"line":27,"column":0},"end":{"line":27,"column":34}},"27":{"start":{"line":28,"column":0},"end":{"line":28,"column":0}},"28":{"start":{"line":29,"column":0},"end":{"line":29,"column":5}},"29":{"start":{"line":30,"column":0},"end":{"line":30,"column":1}},"30":{"start":{"line":31,"column":0},"end":{"line":31,"column":0}},"31":{"start":{"line":32,"column":0},"end":{"line":32,"column":27}}},"s":{"0":1,"1":1,"2":1,"3":1,"4":1,"5":1,"6":1,"7":0,"8":0,"9":0,"10":0,"11":0,"12":0,"13":0,"14":0,"15":0,"16":0,"17":0,"18":0,"19":0,"20":0,"21":0,"22":0,"23":0,"24":0,"25":1,"26":1,"27":0,"28":0,"29":1,"30":1,"31":1},"branchMap":{"0":{"type":"branch","line":27,"loc":{"start":{"line":27,"column":4},"end":{"line":29,"column":5}},"locations":[{"start":{"line":27,"column":4},"end":{"line":29,"column":5}}]}},"b":{"0":[4]},"fnMap":{"0":{"name":"read","decl":{"start":{"line":7,"column":14},"end":{"line":25,"column":5}},"loc":{"start":{"line":7,"column":14},"end":{"line":25,"column":5}},"line":7},"1":{"name":"<instance_members_initializer>","decl":{"start":{"line":27,"column":4},"end":{"line":29,"column":5}},"loc":{"start":{"line":27,"column":4},"end":{"line":29,"column":5}},"line":27},"2":{"name":"update","decl":{"start":{"line":27,"column":13},"end":{"line":29,"column":5}},"loc":{"start":{"line":27,"column":13},"end":{"line":29,"column":5}},"line":27}},"f":{"0":0,"1":4,"2":0}}
,"C:\\cygwin64\\home\\Avell\\secex\\importar_arquivos\\dataaccess\\errors\\EmptyFileError.js": {"path":"C:\\cygwin64\\home\\Avell\\secex\\importar_arquivos\\dataaccess\\errors\\EmptyFileError.js","all":false,"statementMap":{"0":{"start":{"line":1,"column":0},"end":{"line":1,"column":36}},"1":{"start":{"line":2,"column":0},"end":{"line":2,"column":26}},"2":{"start":{"line":3,"column":0},"end":{"line":3,"column":16}},"3":{"start":{"line":4,"column":0},"end":{"line":4,"column":0}},"4":{"start":{"line":5,"column":0},"end":{"line":5,"column":37}},"5":{"start":{"line":6,"column":0},"end":{"line":6,"column":51}},"6":{"start":{"line":7,"column":0},"end":{"line":7,"column":34}},"7":{"start":{"line":8,"column":0},"end":{"line":8,"column":9}},"8":{"start":{"line":9,"column":0},"end":{"line":9,"column":1}},"9":{"start":{"line":10,"column":0},"end":{"line":10,"column":0}},"10":{"start":{"line":11,"column":0},"end":{"line":11,"column":32}}},"s":{"0":1,"1":1,"2":1,"3":1,"4":1,"5":1,"6":1,"7":1,"8":1,"9":1,"10":1},"branchMap":{},"b":{},"fnMap":{"0":{"name":"EmptyFileError","decl":{"start":{"line":2,"column":4},"end":{"line":8,"column":9}},"loc":{"start":{"line":2,"column":4},"end":{"line":8,"column":9}},"line":2}},"f":{"0":1}}
,"C:\\cygwin64\\home\\Avell\\secex\\importar_arquivos\\dataaccess\\errors\\FileNotFoundError.js": {"path":"C:\\cygwin64\\home\\Avell\\secex\\importar_arquivos\\dataaccess\\errors\\FileNotFoundError.js","all":false,"statementMap":{"0":{"start":{"line":1,"column":0},"end":{"line":1,"column":39}},"1":{"start":{"line":2,"column":0},"end":{"line":2,"column":26}},"2":{"start":{"line":3,"column":0},"end":{"line":3,"column":16}},"3":{"start":{"line":4,"column":0},"end":{"line":4,"column":0}},"4":{"start":{"line":5,"column":0},"end":{"line":5,"column":40}},"5":{"start":{"line":6,"column":0},"end":{"line":6,"column":60}},"6":{"start":{"line":7,"column":0},"end":{"line":7,"column":34}},"7":{"start":{"line":8,"column":0},"end":{"line":8,"column":9}},"8":{"start":{"line":9,"column":0},"end":{"line":9,"column":1}},"9":{"start":{"line":10,"column":0},"end":{"line":10,"column":0}},"10":{"start":{"line":11,"column":0},"end":{"line":11,"column":35}}},"s":{"0":1,"1":1,"2":1,"3":1,"4":1,"5":1,"6":1,"7":1,"8":1,"9":1,"10":1},"branchMap":{"0":{"type":"branch","line":2,"loc":{"start":{"line":2,"column":4},"end":{"line":8,"column":9}},"locations":[{"start":{"line":2,"column":4},"end":{"line":8,"column":9}}]}},"b":{"0":[1]},"fnMap":{"0":{"name":"FileNotFoundError","decl":{"start":{"line":2,"column":4},"end":{"line":8,"column":9}},"loc":{"start":{"line":2,"column":4},"end":{"line":8,"column":9}},"line":2}},"f":{"0":1}}
,"C:\\cygwin64\\home\\Avell\\secex\\importar_arquivos\\dataaccess\\errors\\NotImplementedException.js": {"path":"C:\\cygwin64\\home\\Avell\\secex\\importar_arquivos\\dataaccess\\errors\\NotImplementedException.js","all":false,"statementMap":{"0":{"start":{"line":1,"column":0},"end":{"line":1,"column":45}},"1":{"start":{"line":2,"column":0},"end":{"line":2,"column":25}},"2":{"start":{"line":3,"column":0},"end":{"line":3,"column":16}},"3":{"start":{"line":4,"column":0},"end":{"line":4,"column":0}},"4":{"start":{"line":5,"column":0},"end":{"line":5,"column":46}},"5":{"start":{"line":6,"column":0},"end":{"line":6,"column":31}},"6":{"start":{"line":7,"column":0},"end":{"line":7,"column":5}},"7":{"start":{"line":8,"column":0},"end":{"line":8,"column":1}},"8":{"start":{"line":9,"column":0},"end":{"line":9,"column":0}},"9":{"start":{"line":10,"column":0},"end":{"line":10,"column":41}}},"s":{"0":1,"1":1,"2":0,"3":0,"4":0,"5":0,"6":0,"7":1,"8":1,"9":1},"branchMap":{},"b":{},"fnMap":{"0":{"name":"NotImplementedException","decl":{"start":{"line":2,"column":4},"end":{"line":7,"column":5}},"loc":{"start":{"line":2,"column":4},"end":{"line":7,"column":5}},"line":2}},"f":{"0":0}}
,"C:\\cygwin64\\home\\Avell\\secex\\importar_arquivos\\model\\Task.js": {"path":"C:\\cygwin64\\home\\Avell\\secex\\importar_arquivos\\model\\Task.js","all":false,"statementMap":{"0":{"start":{"line":1,"column":0},"end":{"line":1,"column":34}},"1":{"start":{"line":2,"column":0},"end":{"line":2,"column":0}},"2":{"start":{"line":3,"column":0},"end":{"line":3,"column":12}},"3":{"start":{"line":4,"column":0},"end":{"line":4,"column":49}},"4":{"start":{"line":5,"column":0},"end":{"line":5,"column":19}},"5":{"start":{"line":6,"column":0},"end":{"line":6,"column":19}},"6":{"start":{"line":7,"column":0},"end":{"line":7,"column":25}},"7":{"start":{"line":8,"column":0},"end":{"line":8,"column":27}},"8":{"start":{"line":9,"column":0},"end":{"line":9,"column":5}},"9":{"start":{"line":10,"column":0},"end":{"line":10,"column":0}},"10":{"start":{"line":11,"column":0},"end":{"line":11,"column":28}},"11":{"start":{"line":12,"column":0},"end":{"line":12,"column":63}},"12":{"start":{"line":13,"column":0},"end":{"line":13,"column":5}},"13":{"start":{"line":14,"column":0},"end":{"line":14,"column":0}},"14":{"start":{"line":15,"column":0},"end":{"line":15,"column":36}},"15":{"start":{"line":16,"column":0},"end":{"line":16,"column":40}},"16":{"start":{"line":17,"column":0},"end":{"line":17,"column":27}},"17":{"start":{"line":18,"column":0},"end":{"line":18,"column":66}},"18":{"start":{"line":19,"column":0},"end":{"line":19,"column":44}},"19":{"start":{"line":20,"column":0},"end":{"line":20,"column":72}},"20":{"start":{"line":21,"column":0},"end":{"line":21,"column":5}},"21":{"start":{"line":22,"column":0},"end":{"line":22,"column":1}},"22":{"start":{"line":23,"column":0},"end":{"line":23,"column":0}},"23":{"start":{"line":24,"column":0},"end":{"line":24,"column":22}}},"s":{"0":1,"1":1,"2":1,"3":1,"4":0,"5":0,"6":0,"7":0,"8":0,"9":1,"10":1,"11":0,"12":0,"13":0,"14":0,"15":0,"16":0,"17":0,"18":0,"19":0,"20":0,"21":1,"22":1,"23":1},"branchMap":{"0":{"type":"branch","line":11,"loc":{"start":{"line":11,"column":4},"end":{"line":21,"column":5}},"locations":[{"start":{"line":11,"column":4},"end":{"line":21,"column":5}}]}},"b":{"0":[0]},"fnMap":{"0":{"name":"Task","decl":{"start":{"line":4,"column":4},"end":{"line":9,"column":5}},"loc":{"start":{"line":4,"column":4},"end":{"line":9,"column":5}},"line":4},"1":{"name":"<instance_members_initializer>","decl":{"start":{"line":11,"column":4},"end":{"line":21,"column":5}},"loc":{"start":{"line":11,"column":4},"end":{"line":21,"column":5}},"line":11}},"f":{"0":0,"1":0}}
}
