TN:
SF:dataaccess\ConfigAccess.js
FN:5,<instance_members_initializer>
FN:5,read
FN:9,update
FN:13,validateAttributes
FN:25,validateValues
FN:26,validateFolderPath
FNF:6
FNH:5
FNDA:6,<instance_members_initializer>
FNDA:2,read
FNDA:0,update
FNDA:1,validateAttributes
FNDA:1,validateValues
FNDA:1,validateFolderPath
DA:1,1
DA:2,1
DA:3,1
DA:4,1
DA:5,1
DA:6,2
DA:7,2
DA:8,6
DA:9,6
DA:10,0
DA:11,0
DA:12,6
DA:13,6
DA:14,1
DA:15,1
DA:16,1
DA:17,1
DA:18,1
DA:19,1
DA:20,1
DA:21,1
DA:22,1
DA:23,1
DA:24,6
DA:25,6
DA:26,1
DA:27,1
DA:28,1
DA:29,1
LF:29
LH:27
BRF:0
BRH:0
end_of_record
TN:
SF:dataaccess\CoordinatesAccess.js
FN:5,<instance_members_initializer>
FN:5,read
FN:9,update
FN:13,validateAttributes
FN:25,validateValues
FNF:5
FNH:4
FNDA:5,<instance_members_initializer>
FNDA:2,read
FNDA:0,update
FNDA:1,validateAttributes
FNDA:1,validateValues
DA:1,1
DA:2,1
DA:3,1
DA:4,1
DA:5,1
DA:6,2
DA:7,2
DA:8,5
DA:9,5
DA:10,0
DA:11,0
DA:12,5
DA:13,5
DA:14,1
DA:15,1
DA:16,1
DA:17,1
DA:18,1
DA:19,1
DA:20,1
DA:21,1
DA:22,1
DA:23,1
DA:24,5
DA:25,5
DA:26,1
DA:27,1
DA:28,1
DA:29,1
DA:30,1
DA:31,1
DA:32,1
DA:33,1
DA:34,1
DA:35,1
DA:36,1
LF:36
LH:34
BRF:0
BRH:0
end_of_record
TN:
SF:dataaccess\base\Base.js
FN:4,<instance_members_initializer>
FN:4,read
FN:8,update
FNF:3
FNH:1
FNDA:11,<instance_members_initializer>
FNDA:0,read
FNDA:0,update
DA:1,1
DA:2,1
DA:3,1
DA:4,1
DA:5,0
DA:6,0
DA:7,11
DA:8,11
DA:9,0
DA:10,0
DA:11,1
DA:12,1
DA:13,1
LF:13
LH:9
BRDA:4,0,0,11
BRF:1
BRH:1
end_of_record
TN:
SF:dataaccess\base\BaseClass.js
FN:7,read
FN:27,<instance_members_initializer>
FN:27,update
FNF:3
FNH:2
FNDA:4,read
FNDA:11,<instance_members_initializer>
FNDA:0,update
DA:1,1
DA:2,1
DA:3,1
DA:4,1
DA:5,1
DA:6,1
DA:7,1
DA:8,4
DA:9,4
DA:10,4
DA:11,4
DA:12,4
DA:13,4
DA:14,4
DA:15,4
DA:16,4
DA:17,4
DA:18,4
DA:19,4
DA:20,4
DA:21,4
DA:22,4
DA:23,4
DA:24,4
DA:25,4
DA:26,1
DA:27,1
DA:28,0
DA:29,0
DA:30,1
DA:31,1
DA:32,1
LF:32
LH:30
BRDA:7,0,0,4
BRDA:27,1,0,11
BRF:2
BRH:2
end_of_record
TN:
SF:dataaccess\errors\EmptyFileError.js
FN:2,EmptyFileError
FNF:1
FNH:1
FNDA:2,EmptyFileError
DA:1,1
DA:2,1
DA:3,2
DA:4,2
DA:5,2
DA:6,2
DA:7,2
DA:8,2
DA:9,1
DA:10,1
DA:11,1
LF:11
LH:11
BRDA:2,0,0,2
BRF:1
BRH:1
end_of_record
TN:
SF:dataaccess\errors\FileNotFoundError.js
FN:2,FileNotFoundError
FNF:1
FNH:1
FNDA:2,FileNotFoundError
DA:1,1
DA:2,1
DA:3,2
DA:4,2
DA:5,2
DA:6,2
DA:7,2
DA:8,2
DA:9,1
DA:10,1
DA:11,1
LF:11
LH:11
BRDA:2,0,0,2
BRF:1
BRH:1
end_of_record
TN:
SF:dataaccess\errors\NotImplementedException.js
FN:2,NotImplementedException
FNF:1
FNH:0
FNDA:0,NotImplementedException
DA:1,1
DA:2,1
DA:3,0
DA:4,0
DA:5,0
DA:6,0
DA:7,0
DA:8,1
DA:9,1
DA:10,1
LF:10
LH:5
BRF:0
BRH:0
end_of_record
